<?xml version="1.0" encoding="UTF-8"?>
<!-- Generated by org.testng.reporters.JUnitXMLReporter -->
<testsuite hostname="LAPTOP-GVN7F6DN" ignored="0" name="Default test" tests="3" failures="0" timestamp="09 May 2018 20:49:41 GMT" time="22.191" errors="0">
  <testcase name="trainerLoginTest" time="3.227" classname="com.revature.testing.TestNGTests"/>
  <testcase name="trainerNavButtonTest" time="18.305" classname="com.revature.testing.TestNGTests"/>
  <testcase name="homeSortByNameTest" time="0.639" classname="com.revature.testing.TestNGTests"/>
</testsuite> <!-- Default test -->
