<?xml version="1.0" encoding="UTF-8"?>
<testng-results skipped="0" failed="0" ignored="0" total="1" passed="1">
  <reporter-output>
  </reporter-output>
  <suite name="Default suite" duration-ms="22012" started-at="2018-05-09T17:48:58Z" finished-at="2018-05-09T17:49:20Z">
    <groups>
    </groups>
    <test name="Default test" duration-ms="22012" started-at="2018-05-09T17:48:58Z" finished-at="2018-05-09T17:49:20Z">
      <class name="com.revature.testing.TestNGTests">
        <test-method status="PASS" signature="getDriver()[pri:0, instance:com.revature.testing.TestNGTests@598067a5]" name="getDriver" is-config="true" duration-ms="9771" started-at="2018-05-09T17:48:58Z" finished-at="2018-05-09T17:49:08Z">
          <reporter-output>
          </reporter-output>
        </test-method> <!-- getDriver -->
        <test-method status="PASS" signature="trainerLoginTest()[pri:0, instance:com.revature.testing.TestNGTests@598067a5]" name="trainerLoginTest" duration-ms="12226" started-at="2018-05-09T17:49:08Z" finished-at="2018-05-09T17:49:20Z">
          <reporter-output>
          </reporter-output>
        </test-method> <!-- trainerLoginTest -->
      </class> <!-- com.revature.testing.TestNGTests -->
    </test> <!-- Default test -->
  </suite> <!-- Default suite -->
</testng-results>
